<?xml version="1.0" encoding="UTF-8"?>
<!-- Generated by org.testng.reporters.JUnitReportReporter -->
<testsuite hostname="Lenovo-PC" name="com.selenium.Batch10Maven.TestNGDetail" tests="2" failures="0" timestamp="1 Jul 2017 06:02:24 GMT" time="0.016" errors="0">
  <testcase name="xyz" time="0.015" classname="com.selenium.Batch10Maven.TestNGDetail"/>
  <testcase name="bdc" time="0.001" classname="com.selenium.Batch10Maven.TestNGDetail"/>
</testsuite> <!-- com.selenium.Batch10Maven.TestNGDetail -->
